<?xml version="1.0" encoding="UTF-8"?>
<testsuite xmlns:xsi="http://www.w3.org/2001/XMLSchema-instance" xsi:noNamespaceSchemaLocation="https://maven.apache.org/surefire/maven-surefire-plugin/xsd/surefire-test-report-3.0.xsd" version="3.0" name="br.unb.tppe.campeonato.SorteioRodadasTest" time="0.024" tests="12" errors="0" skipped="0" failures="0">
  <properties>
    <property name="java.specification.version" value="24"/>
    <property name="sun.cpu.isalist" value="amd64"/>
    <property name="sun.jnu.encoding" value="Cp1252"/>
    <property name="java.class.path" value="C:\Users\carlo\Documents\Trabalho-TPPE-Entrega-01\target\test-classes;C:\Users\carlo\Documents\Trabalho-TPPE-Entrega-01\target\classes;C:\Users\carlo\.m2\repository\org\junit\jupiter\junit-jupiter-api\5.10.0\junit-jupiter-api-5.10.0.jar;C:\Users\carlo\.m2\repository\org\opentest4j\opentest4j\1.3.0\opentest4j-1.3.0.jar;C:\Users\carlo\.m2\repository\org\junit\platform\junit-platform-commons\1.10.0\junit-platform-commons-1.10.0.jar;C:\Users\carlo\.m2\repository\org\apiguardian\apiguardian-api\1.1.2\apiguardian-api-1.1.2.jar;C:\Users\carlo\.m2\repository\org\junit\jupiter\junit-jupiter-engine\5.10.0\junit-jupiter-engine-5.10.0.jar;C:\Users\carlo\.m2\repository\org\junit\platform\junit-platform-engine\1.10.0\junit-platform-engine-1.10.0.jar;C:\Users\carlo\.m2\repository\org\junit\jupiter\junit-jupiter-params\5.10.0\junit-jupiter-params-5.10.0.jar;C:\Users\carlo\.m2\repository\org\junit\platform\junit-platform-suite\1.10.0\junit-platform-suite-1.10.0.jar;C:\Users\carlo\.m2\repository\org\junit\platform\junit-platform-suite-api\1.10.0\junit-platform-suite-api-1.10.0.jar;C:\Users\carlo\.m2\repository\org\junit\platform\junit-platform-suite-engine\1.10.0\junit-platform-suite-engine-1.10.0.jar;C:\Users\carlo\.m2\repository\org\junit\platform\junit-platform-suite-commons\1.10.0\junit-platform-suite-commons-1.10.0.jar;C:\Users\carlo\.m2\repository\org\junit\platform\junit-platform-launcher\1.10.0\junit-platform-launcher-1.10.0.jar;C:\Users\carlo\.m2\repository\org\assertj\assertj-core\3.24.2\assertj-core-3.24.2.jar;C:\Users\carlo\.m2\repository\net\bytebuddy\byte-buddy\1.12.21\byte-buddy-1.12.21.jar;"/>
    <property name="java.vm.vendor" value="Oracle Corporation"/>
    <property name="sun.arch.data.model" value="64"/>
    <property name="user.variant" value=""/>
    <property name="java.vendor.url" value="https://java.oracle.com/"/>
    <property name="user.timezone" value="America/Sao_Paulo"/>
    <property name="os.name" value="Windows 10"/>
    <property name="java.vm.specification.version" value="24"/>
    <property name="sun.java.launcher" value="SUN_STANDARD"/>
    <property name="user.country" value="BR"/>
    <property name="sun.boot.library.path" value="C:\Program Files\Java\jdk-24\bin"/>
    <property name="sun.java.command" value="C:\Users\carlo\AppData\Local\Temp\surefire7206222113696004816\surefirebooter-20251009184739742_3.jar C:\Users\carlo\AppData\Local\Temp\surefire7206222113696004816 2025-10-09T18-47-39_644-jvmRun1 surefire-20251009184739742_1tmp surefire_0-20251009184739742_2tmp"/>
    <property name="jdk.debug" value="release"/>
    <property name="surefire.test.class.path" value="C:\Users\carlo\Documents\Trabalho-TPPE-Entrega-01\target\test-classes;C:\Users\carlo\Documents\Trabalho-TPPE-Entrega-01\target\classes;C:\Users\carlo\.m2\repository\org\junit\jupiter\junit-jupiter-api\5.10.0\junit-jupiter-api-5.10.0.jar;C:\Users\carlo\.m2\repository\org\opentest4j\opentest4j\1.3.0\opentest4j-1.3.0.jar;C:\Users\carlo\.m2\repository\org\junit\platform\junit-platform-commons\1.10.0\junit-platform-commons-1.10.0.jar;C:\Users\carlo\.m2\repository\org\apiguardian\apiguardian-api\1.1.2\apiguardian-api-1.1.2.jar;C:\Users\carlo\.m2\repository\org\junit\jupiter\junit-jupiter-engine\5.10.0\junit-jupiter-engine-5.10.0.jar;C:\Users\carlo\.m2\repository\org\junit\platform\junit-platform-engine\1.10.0\junit-platform-engine-1.10.0.jar;C:\Users\carlo\.m2\repository\org\junit\jupiter\junit-jupiter-params\5.10.0\junit-jupiter-params-5.10.0.jar;C:\Users\carlo\.m2\repository\org\junit\platform\junit-platform-suite\1.10.0\junit-platform-suite-1.10.0.jar;C:\Users\carlo\.m2\repository\org\junit\platform\junit-platform-suite-api\1.10.0\junit-platform-suite-api-1.10.0.jar;C:\Users\carlo\.m2\repository\org\junit\platform\junit-platform-suite-engine\1.10.0\junit-platform-suite-engine-1.10.0.jar;C:\Users\carlo\.m2\repository\org\junit\platform\junit-platform-suite-commons\1.10.0\junit-platform-suite-commons-1.10.0.jar;C:\Users\carlo\.m2\repository\org\junit\platform\junit-platform-launcher\1.10.0\junit-platform-launcher-1.10.0.jar;C:\Users\carlo\.m2\repository\org\assertj\assertj-core\3.24.2\assertj-core-3.24.2.jar;C:\Users\carlo\.m2\repository\net\bytebuddy\byte-buddy\1.12.21\byte-buddy-1.12.21.jar;"/>
    <property name="sun.cpu.endian" value="little"/>
    <property name="user.home" value="C:\Users\carlo"/>
    <property name="user.language" value="pt"/>
    <property name="java.specification.vendor" value="Oracle Corporation"/>
    <property name="java.version.date" value="2025-07-15"/>
    <property name="java.home" value="C:\Program Files\Java\jdk-24"/>
    <property name="file.separator" value="\"/>
    <property name="basedir" value="C:\Users\carlo\Documents\Trabalho-TPPE-Entrega-01"/>
    <property name="java.vm.compressedOopsMode" value="Zero based"/>
    <property name="line.separator" value="&#10;"/>
    <property name="java.vm.specification.vendor" value="Oracle Corporation"/>
    <property name="java.specification.name" value="Java Platform API Specification"/>
    <property name="surefire.real.class.path" value="C:\Users\carlo\AppData\Local\Temp\surefire7206222113696004816\surefirebooter-20251009184739742_3.jar"/>
    <property name="user.script" value=""/>
    <property name="sun.management.compiler" value="HotSpot 64-Bit Tiered Compilers"/>
    <property name="java.runtime.version" value="24.0.2+12-54"/>
    <property name="user.name" value="carlo"/>
    <property name="stdout.encoding" value="Cp1252"/>
    <property name="path.separator" value=";"/>
    <property name="os.version" value="10.0"/>
    <property name="java.runtime.name" value="Java(TM) SE Runtime Environment"/>
    <property name="file.encoding" value="UTF-8"/>
    <property name="java.vm.name" value="Java HotSpot(TM) 64-Bit Server VM"/>
    <property name="localRepository" value="C:\Users\carlo\.m2\repository"/>
    <property name="java.vendor.url.bug" value="https://bugreport.java.com/bugreport/"/>
    <property name="java.io.tmpdir" value="C:\Users\carlo\AppData\Local\Temp\"/>
    <property name="java.version" value="24.0.2"/>
    <property name="user.dir" value="C:\Users\carlo\Documents\Trabalho-TPPE-Entrega-01"/>
    <property name="os.arch" value="amd64"/>
    <property name="java.vm.specification.name" value="Java Virtual Machine Specification"/>
    <property name="sun.os.patch.level" value=""/>
    <property name="native.encoding" value="Cp1252"/>
    <property name="java.library.path" value="C:\Program Files\Java\jdk-24\bin;C:\Windows\Sun\Java\bin;C:\Windows\system32;C:\Windows;C:\Program Files\Common Files\Oracle\Java\javapath;C:\Windows\system32;C:\Windows;C:\Windows\System32\Wbem;C:\Windows\System32\WindowsPowerShell\v1.0\;C:\Windows\System32\OpenSSH\;C:\Windows\AtlasModules;C:\Windows\AtlasModules\Tools;C:\Windows\AtlasModules\Scripts;C:\Program Files\Git\cmd;C:\Program Files\nodejs\;C:\Program Files\Docker\Docker\resources\bin;C:\Program Files\apache-maven-3.9.11\bin;C:\Users\carlo\AppData\Local\Programs\Python\Python313\Scripts\;C:\Users\carlo\AppData\Local\Programs\Python\Python313\;C:\Users\carlo\AppData\Local\Microsoft\WindowsApps;C:\Users\carlo\AppData\Local\Programs\Microsoft VS Code\bin;c:\users\carlo\appdata\roaming\python\python313\scripts;c:\users\carlo\.local\bin;C:\Users\carlo\AppData\Roaming\npm;C:\Program Files\apache-maven-3.9.11\bin;;c:\Users\carlo\AppData\Roaming\Code\User\globalStorage\github.copilot-chat\debugCommand;."/>
    <property name="java.vm.info" value="mixed mode, sharing"/>
    <property name="stderr.encoding" value="Cp1252"/>
    <property name="java.vendor" value="Oracle Corporation"/>
    <property name="java.vm.version" value="24.0.2+12-54"/>
    <property name="sun.io.unicode.encoding" value="UnicodeLittle"/>
    <property name="java.class.version" value="68.0"/>
  </properties>
  <testcase name="testPartidasUnicas" classname="br.unb.tppe.campeonato.SorteioRodadasTest" time="0.004"/>
  <testcase name="testPartidasUnicas" classname="br.unb.tppe.campeonato.SorteioRodadasTest" time="0.001"/>
  <testcase name="testNumeroDeRodadas" classname="br.unb.tppe.campeonato.SorteioRodadasTest" time="0.001"/>
  <testcase name="testNumeroDeRodadas" classname="br.unb.tppe.campeonato.SorteioRodadasTest" time="0.0"/>
  <testcase name="testSortearSem20Times" classname="br.unb.tppe.campeonato.SorteioRodadasTest" time="0.002"/>
  <testcase name="testSortearSem20Times" classname="br.unb.tppe.campeonato.SorteioRodadasTest" time="0.001"/>
  <testcase name="testCadaTimeEnfrentaOutro2Vezes" classname="br.unb.tppe.campeonato.SorteioRodadasTest" time="0.019"/>
  <testcase name="testCadaTimeEnfrentaOutro2Vezes" classname="br.unb.tppe.campeonato.SorteioRodadasTest" time="0.006"/>
  <testcase name="testAcessarRodadaPorNumero" classname="br.unb.tppe.campeonato.SorteioRodadasTest" time="0.001"/>
  <testcase name="testAcessarRodadaPorNumero" classname="br.unb.tppe.campeonato.SorteioRodadasTest" time="0.0"/>
  <testcase name="testPartidasPorRodada" classname="br.unb.tppe.campeonato.SorteioRodadasTest" time="0.001"/>
  <testcase name="testPartidasPorRodada" classname="br.unb.tppe.campeonato.SorteioRodadasTest" time="0.001"/>
  <testcase name="testTotalDePartidas" classname="br.unb.tppe.campeonato.SorteioRodadasTest" time="0.0"/>
  <testcase name="testTotalDePartidas" classname="br.unb.tppe.campeonato.SorteioRodadasTest" time="0.002"/>
  <testcase name="testTimeNaoJogaContraSiMesmo" classname="br.unb.tppe.campeonato.SorteioRodadasTest" time="0.001"/>
  <testcase name="testTimeNaoJogaContraSiMesmo" classname="br.unb.tppe.campeonato.SorteioRodadasTest" time="0.0"/>
  <testcase name="testCadaTimeJoga38Vezes" classname="br.unb.tppe.campeonato.SorteioRodadasTest" time="0.001"/>
  <testcase name="testCadaTimeJoga38Vezes" classname="br.unb.tppe.campeonato.SorteioRodadasTest" time="0.001"/>
  <testcase name="testTurnoEReturno" classname="br.unb.tppe.campeonato.SorteioRodadasTest" time="0.015"/>
  <testcase name="testTurnoEReturno" classname="br.unb.tppe.campeonato.SorteioRodadasTest" time="0.005"/>
  <testcase name="testNaoExistePartidasDuplicadas" classname="br.unb.tppe.campeonato.SorteioRodadasTest" time="0.001"/>
  <testcase name="testNaoExistePartidasDuplicadas" classname="br.unb.tppe.campeonato.SorteioRodadasTest" time="0.0"/>
  <testcase name="testAcessarRodadaInvalida" classname="br.unb.tppe.campeonato.SorteioRodadasTest" time="0.001"/>
  <testcase name="testAcessarRodadaInvalida" classname="br.unb.tppe.campeonato.SorteioRodadasTest" time="0.0"/>
</testsuite>